<?xml version="1.0" encoding="UTF-8"?>
<testng-results ignored="0" total="1" passed="1" failed="0" skipped="0">
  <reporter-output>
  </reporter-output>
  <suite started-at="2024-04-10T19:37:14 IST" name="Default suite" finished-at="2024-04-10T19:37:24 IST" duration-ms="10459">
    <groups>
    </groups>
    <test started-at="2024-04-10T19:37:14 IST" name="Default test" finished-at="2024-04-10T19:37:24 IST" duration-ms="10459">
      <class name="conditinalstatements.VERIFYCHECKBOX">
        <test-method signature="checkbox()[pri:0, instance:conditinalstatements.VERIFYCHECKBOX@2accdbb5]" started-at="2024-04-10T19:37:14 IST" name="checkbox" finished-at="2024-04-10T19:37:24 IST" duration-ms="10418" status="PASS">
          <reporter-output>
          </reporter-output>
        </test-method> <!-- checkbox -->
      </class> <!-- conditinalstatements.VERIFYCHECKBOX -->
    </test> <!-- Default test -->
  </suite> <!-- Default suite -->
</testng-results>
